#
# $Id: facility.lis /main/50 2018/08/09 21:45:03 xyuan Exp $
# Copyright (c) 2001, 2018, Oracle and/or its affiliates. All rights reserved.
#
# Definition of the Oracle facilities and corresponding component names.
#
# The entries in this file are colon separated defining, for each
# facility (field 1), the component name (field 2), the "real" facility
# name for facilities with aliases (field 3) with a value of "*" for
# facilities without renamings and an optional facility description
# (field 4) 
#
#	facility:component:rename:description
#


acfs:usm:*:
acfsk:usm:*:
advm:usm:acfs:
advmk:usm:*:
afd:usm:*:
afdk:usm:*:
afdt:usm:*:
amd:cwmlite:*:
amdu:rdbms:*:
asmcmd:rdbms:*:
aud:ord:*:
av:pfs:*:
bbed:rdbms:*:
brw:browser:*:
cat:has:*:
clsch:has:*:
clsd:has:*:
clsdnssd:has:*:
clsfe:has:*:
clsgn:has:*:
clsgns:has:*:
clsmdns:has:*:
clsns:has:*:
clsr:racg:*:
clsrsc:has:*:
clss:css:*:
clst:has:*:
clsu:has:*:
clsw:has:*:
clsws:has:*:
clszm:has:*:
clus:has:*:
cpy:sqlplus:*:
crja:has:*:
crs:crs:*:
cskm:has:*:
da:office:*:
dac:office:*:
dah:office:*:
dal:office:*:
dbt:assistants:*:
dbv:rdbms:*:
dgm:rdbms:*:
dia:rdbms:*:
drg:ctx:*:
ds2:office:*:
ds:office:*:
dsp:office:*:
dsw:office:*:
dsz:office:*:
ebu:obackup:*:
evm:evm:*:
exp:rdbms:*:
fmc:forms40:*:
fmd:forms40:*:
fmf:forms40:*:
fmg:forms40:*:
fmm:forms40:*:
gipc:has:*:
gitdb:rdbms:*:
gpp:has:*:
gsm:network:*:
iac:forms:*:
iad:forms:*:
iag:forms:*:
iap:forms:*:
ilf:precomp:*:
img:ord:*:
imp:rdbms:*:
ins:install:*:
kfed:rdbms:*:
kfod:rdbms:*:
kfndg:rdbms:*:
kfsg:rdbms:*:
kgp:rdbms:*:
kop:rdbms:*:
kup:rdbms:*:
lcd:rdbms:*:
ldap:ldap:*:
ldt:oracore:*:
lem:oracore:*:
lfi:oracore:*:
lht:oracore:*:
lmm:oracore:*:
lpm:oracore:*:
lpx:xdk:*:
lrm:oracore:*:
lsf:oracore:*:
lsx:xdk:*:
ltm:oracore:*:
lxcnv:nls:*:
lxe:nls:*:
lxi:nls:*:
md:md:sdo:
mgtca:srvm:*:
mgtua:srvm:*:
mgr:svrmgr:*:
mig:rdbms:*:
nauk:network:*:
nci:network:*:
ncidl:network:*:
ncierr:network:*:
ncr:network:*:
ncx:network:*:
ndfn:has:*:
net:network:*:
nid:rdbms:*:
niq:network:*:
nl:network:*:
nlt:network:*:
nmc:network:*:
nmcpi:network:*:
nmo:network:*:
nmp:network:*:
nmr:network:*:
nms:network:*:
nmxecm:network:*:
nmxw:network:*:
nmz:network:*:
nnc:network:*:
nnf:network:*:
nnl:network:*:
nno:network:*:
npl:network:*:
nz:network:*:
o2:precomp:*:
o2f:precomp:*:
o2i:precomp:*:
o2u:precomp:*:
oae:oacore:*:
oao:office:*:
obk:obackup:ebu:
oci:rdbms:*:
odig:has:*:
ofc:office:*:
oka:usm:*:
oksk:usm:*:
oma:office:*:
omapi:office:*:
omb:office:*:
omd:office:*:
omgut:office:*:
omkt:office:*:
omu:office:*:
omv:office:*:
opw:rdbms:*:
ora:rdbms:*:
osn:network:*:
osnq:network:*:
pcb:precomp:*:
pcbe:precomp:*:
pcc:precomp:*:
pcf:precomp:*:
pcg:precomp:*:
pci:precomp:*:
pcm:plsql:*:
pcp:precomp:*:
pcs:precomp:*:
pg2:precomp:*:
pgo:precomp:*:
pgp:precomp:*:
pls:plsql:*:
plw:plsql:*:
pm:precomp:*:
pmx:precomp:*:
ppe:precomp:*:
pr2:precomp:*:
prc:srvm:*:
prca:srvm:*:
prcb:srvm:*:
prcc:srvm:*:
prcd:srvm:*:
prce:srvm:*:
prcf:srvm:*:
prcg:srvm:*:
prch:srvm:*:
prci:srvm:*:
prcl:srvm:*:
prcv:srvm:*:
prcn:srvm:*:
prco:srvm:*:
prcp:srvm:*:
prcq:srvm:*:
prcr:srvm:*:
prcs:srvm:*:
prct:srvm:*:
prcw:srvm:*:
prcz:srvm:*:
prgz:rhp:*:
prgo:rhp:*:
prgp:rhp:*:
prif:srvm:*:
prka:srvm:*:
prkc:srvm:*:
prkd:srvm:*:
prke:srvm:*:
prkh:srvm:*:
prkn:srvm:*:
prko:srvm:*:
prkf:srvm:*: 
prkz:srvm:*:
prkp:srvm:*:
prkr:srvm:*:
prks:srvm:*:
prku:srvm:*:
pro:precomp:*:
proc:srvm:*:
procl:srvm:*:
prot:srvm:*:
protl:srvm:*:
prve:srvm:*:
prvf:srvm:*:
prvg:srvm:*:
prvh:srvm:*:
prvp:srvm:*:
prgs:rhp:*:
prgh:rhp:*:
prgr:rhp:*:
prgt:rhp:*:
px:slax:*:
pxu:network:*:
qsm:rdbms:*:
rde:has:*:
rde:has:*:
rman:rdbms:*:
sbt:rdbms:*:
sch:office:*:
sclc:srvm:*:
scls:srvm:*:
sdo:md:*:
smamp:network:*:
smg:rdbms:*:
smpslr:network:*:
snl:network:*:
sp1:sqlplus:*:
sp2:sqlplus:*:
sp3:sqlplus:*:
spw:sqlplus:*:
sql:precomp:*:
srw2:reports20:*:
srw:sqlreport:*:
svpxnt:network:*:
svpxos:network:*:
tix:sqltr:*:
tlem:oracore:*:
tnl:network:*:
tnpl:network:*:
tns:network:*:
ts:ord:*:
txr:sqltr:*:
txu:sqltr:*:
typ:forms:*:
ude:rdbms:*:
udi:rdbms:*:
ul:rdbms:*:
vid:ord:*:
vir:ord:*:
vpp:network:*:
vpxdba:network:*:
vpxecm:network:*:
vpxoafnd:network:*:
vpxodb:network:*:
vpxsapr3:network:*:
wa:network:*:
wlmd:qos:*:
wlmf:qos:*:
wlmg:qos:*:
wlmv:qos:*:
xag:xag:*:
xoq:olap:*:
